2026-01-10 00:52:35,607 - INFO - Limpando arquivos antigos em /home/runner/work/josieljluz/josieljluz...
2026-01-10 00:52:35,607 - INFO - Arquivo removido: online.m3u
2026-01-10 00:52:35,607 - INFO - Arquivo removido: epgportugal.xml.gz
2026-01-10 00:52:35,608 - INFO - Arquivo removido: brazil3.xml.gz
2026-01-10 00:52:35,608 - INFO - Arquivo removido: playlist.m3u
2026-01-10 00:52:35,608 - INFO - Arquivo removido: epg_ripper_BR1.xml.gz
2026-01-10 00:52:35,608 - INFO - Arquivo removido: playlists.m3u
2026-01-10 00:52:35,609 - INFO - Arquivo removido: playlists-oficial.m3u
2026-01-10 00:52:35,610 - INFO - Arquivo removido: portugal1.xml.gz
2026-01-10 00:52:35,610 - INFO - Arquivo removido: epgbrasil.xml.gz
2026-01-10 00:52:35,610 - INFO - Arquivo removido: piauitv.m3u
2026-01-10 00:52:35,610 - INFO - Arquivo removido: brazil4.xml.gz
2026-01-10 00:52:35,611 - INFO - Arquivo removido: epgbrasilportugal.xml.gz
2026-01-10 00:52:35,611 - INFO - Arquivo removido: brazil2.xml.gz
2026-01-10 00:52:35,611 - INFO - Arquivo removido: epg_ripper_PT1.xml.gz
2026-01-10 00:52:35,611 - INFO - Arquivo removido: portugal2.xml.gz
2026-01-10 00:52:35,612 - INFO - Arquivo removido: pornstars.m3u
2026-01-10 00:52:35,612 - INFO - Arquivo removido: brazil1.xml.gz
2026-01-10 00:52:35,612 - INFO - Iniciando downloads...
2026-01-10 00:52:35,612 - INFO - Tentativa 1 de 3: Baixando de: https://raw.githubusercontent.com/josieljefferson/josieljefferson.github.io/refs/heads/main/playlists/online.m3u
2026-01-10 00:52:35,613 - INFO - Tentativa 1 de 3: Baixando de: https://raw.githubusercontent.com/josieljefferson/josieljefferson.github.io/refs/heads/main/playlists/piauitv.m3u
2026-01-10 00:52:35,613 - INFO - Tentativa 1 de 3: Baixando de: https://raw.githubusercontent.com/josieljefferson/josieljefferson.github.io/refs/heads/main/playlists/playlist.m3u
2026-01-10 00:52:35,614 - INFO - Tentativa 1 de 3: Baixando de: https://raw.githubusercontent.com/josieljefferson/josieljefferson.github.io/refs/heads/main/playlists/playlists.m3u
2026-01-10 00:52:35,614 - INFO - Tentativa 1 de 3: Baixando de: https://raw.githubusercontent.com/josieljefferson/josieljefferson.github.io/refs/heads/main/playlists/playlists-oficial.m3u
2026-01-10 00:52:35,737 - INFO - Download concluído: /home/runner/work/josieljluz/josieljluz/playlist.m3u (70795 bytes)
2026-01-10 00:52:35,738 - INFO - Hash MD5 do arquivo: 2c087d63a0417aff6380561f76163af0
2026-01-10 00:52:35,739 - INFO - Tentativa 1 de 3: Baixando de: https://raw.githubusercontent.com/josieljefferson/josieljefferson.github.io/refs/heads/main/playlists/pornstars.m3u
2026-01-10 00:52:35,748 - INFO - Download concluído: /home/runner/work/josieljluz/josieljluz/online.m3u (78680 bytes)
2026-01-10 00:52:35,748 - INFO - Hash MD5 do arquivo: 36705e2d0b7a66925e8e611a5818ce1d
2026-01-10 00:52:35,750 - INFO - Tentativa 1 de 3: Baixando de: https://www.open-epg.com/files/brazil1.xml.gz
2026-01-10 00:52:35,764 - INFO - Download concluído: /home/runner/work/josieljluz/josieljluz/piauitv.m3u (5209 bytes)
2026-01-10 00:52:35,764 - INFO - Hash MD5 do arquivo: 25b394485e65c9aea669ac0b96c2bddb
2026-01-10 00:52:35,765 - INFO - Tentativa 1 de 3: Baixando de: https://www.open-epg.com/files/brazil2.xml.gz
2026-01-10 00:52:35,772 - INFO - Download concluído: /home/runner/work/josieljluz/josieljluz/playlists.m3u (132364 bytes)
2026-01-10 00:52:35,772 - INFO - Hash MD5 do arquivo: 69c511aae36d603a35eefc476d91e177
2026-01-10 00:52:35,773 - INFO - Tentativa 1 de 3: Baixando de: https://www.open-epg.com/files/brazil3.xml.gz
2026-01-10 00:52:35,829 - INFO - Download concluído: /home/runner/work/josieljluz/josieljluz/pornstars.m3u (56361 bytes)
2026-01-10 00:52:35,829 - INFO - Hash MD5 do arquivo: 0e59ab0563749c343facdf33945d029f
2026-01-10 00:52:35,830 - INFO - Tentativa 1 de 3: Baixando de: https://www.open-epg.com/files/brazil4.xml.gz
2026-01-10 00:52:35,942 - INFO - Download concluído: /home/runner/work/josieljluz/josieljluz/playlists-oficial.m3u (4150356 bytes)
2026-01-10 00:52:35,951 - INFO - Hash MD5 do arquivo: 1ea98241b57c1dc4666679e2b0668f40
2026-01-10 00:52:35,952 - INFO - Tentativa 1 de 3: Baixando de: https://epgshare01.online/epgshare01/epg_ripper_BR1.xml.gz
2026-01-10 00:52:36,072 - INFO - Download concluído: /home/runner/work/josieljluz/josieljluz/epg_ripper_BR1.xml.gz (1496692 bytes)
2026-01-10 00:52:36,075 - INFO - Hash MD5 do arquivo: 1bd9cbafb0541cf8d6d78156757b8ffb
2026-01-10 00:52:36,075 - INFO - Tentativa 1 de 3: Baixando de: https://epgshare01.online/epgshare01/epg_ripper_PT1.xml.gz
2026-01-10 00:52:36,159 - INFO - Download concluído: /home/runner/work/josieljluz/josieljluz/epg_ripper_PT1.xml.gz (1485134 bytes)
2026-01-10 00:52:36,162 - INFO - Hash MD5 do arquivo: c0b3401d6b6e8c0d7ced1c2e7b214286
2026-01-10 00:52:36,162 - INFO - Tentativa 1 de 3: Baixando de: https://m3u4u.com/epg/3wk1y24kx7uzdevxygz7
2026-01-10 00:52:36,475 - INFO - Download concluído: /home/runner/work/josieljluz/josieljluz/brazil2.xml.gz (72253 bytes)
2026-01-10 00:52:36,475 - INFO - Hash MD5 do arquivo: 882e04127796a2fe5e6430643c861e74
2026-01-10 00:52:36,477 - INFO - Tentativa 1 de 3: Baixando de: https://m3u4u.com/epg/782dyqdrqkh1xegen4zp
2026-01-10 00:52:36,736 - INFO - Download concluído: /home/runner/work/josieljluz/josieljluz/brazil3.xml.gz (577559 bytes)
2026-01-10 00:52:36,737 - INFO - Hash MD5 do arquivo: 14b153d6a8299b2c6ae9fd52e3bc72f0
2026-01-10 00:52:36,739 - INFO - Tentativa 1 de 3: Baixando de: https://m3u4u.com/epg/jq2zy9epr3bwxmgwyxr5
2026-01-10 00:52:36,752 - INFO - Download concluído: /home/runner/work/josieljluz/josieljluz/brazil4.xml.gz (685149 bytes)
2026-01-10 00:52:36,753 - INFO - Hash MD5 do arquivo: 257dec62631dca47b5f9006c568a5bd4
2026-01-10 00:52:36,754 - INFO - Tentativa 1 de 3: Baixando de: https://www.open-epg.com/files/portugal1.xml.gz
2026-01-10 00:52:36,777 - INFO - Download concluído: /home/runner/work/josieljluz/josieljluz/brazil1.xml.gz (897687 bytes)
2026-01-10 00:52:36,778 - INFO - Hash MD5 do arquivo: d9de7e75928ea00140412ece2319476d
2026-01-10 00:52:36,779 - INFO - Tentativa 1 de 3: Baixando de: https://www.open-epg.com/files/portugal2.xml.gz
2026-01-10 00:52:37,474 - INFO - Download concluído: /home/runner/work/josieljluz/josieljluz/epgbrasil.xml.gz (852661 bytes)
2026-01-10 00:52:37,476 - INFO - Hash MD5 do arquivo: 60c55870c6d66d82f07a47a5009dcb79
2026-01-10 00:52:37,773 - INFO - Download concluído: /home/runner/work/josieljluz/josieljluz/portugal1.xml.gz (559985 bytes)
2026-01-10 00:52:37,774 - INFO - Hash MD5 do arquivo: a19d78a398cffa06c3c60cfb7d2b38be
2026-01-10 00:52:37,779 - INFO - Download concluído: /home/runner/work/josieljluz/josieljluz/portugal2.xml.gz (612334 bytes)
2026-01-10 00:52:37,780 - INFO - Hash MD5 do arquivo: 3ee5fcdc770d8ca7baee5a45fc22bba9
2026-01-10 00:52:37,789 - INFO - Download concluído: /home/runner/work/josieljluz/josieljluz/epgportugal.xml.gz (1857564 bytes)
2026-01-10 00:52:37,792 - INFO - Hash MD5 do arquivo: b770347a573a7fc748d4be9ea150ded2
2026-01-10 00:52:37,901 - INFO - Download concluído: /home/runner/work/josieljluz/josieljluz/epgbrasilportugal.xml.gz (57970 bytes)
2026-01-10 00:52:37,901 - INFO - Hash MD5 do arquivo: ed1a9a5997c886e7b2e028a8c017ec23
2026-01-10 00:52:37,903 - INFO - Downloads concluídos. Sucessos: 17, Falhas: 0
